{
  "RSpec": {
    "coverage": {
      "/Users/AW/Desktop/bank-tech-test/spec/account_spec.rb": [
        null,
        null,
        1,
        null,
        1,
        1,
        1,
        null,
        null,
        1,
        1,
        1,
        null,
        null,
        1,
        4,
        null,
        null,
        null,
        1,
        1,
        1,
        null,
        null,
        1,
        1,
        4,
        null,
        null,
        1,
        2,
        null,
        null,
        1,
        1,
        2,
        null,
        null,
        null
      ],
      "/Users/AW/Desktop/bank-tech-test/lib/account.rb": [
        null,
        null,
        1,
        1,
        null,
        1,
        7,
        null,
        null,
        1,
        3,
        null,
        null,
        1,
        3,
        2,
        null,
        1,
        null,
        null,
        null
      ]
    },
    "timestamp": 1559559751
  }
}
