{
  "RSpec": {
    "coverage": {
      "/Users/AW/Desktop/bank-tech-test/spec/account_spec.rb": [
        null,
        null,
        1,
        1,
        null,
        1,
        2,
        7,
        7,
        null,
        1,
        6,
        null,
        null,
        null,
        null,
        1,
        1,
        null,
        null,
        null,
        null,
        1,
        1,
        1,
        null,
        null,
        1,
        4,
        null,
        null,
        null,
        null,
        null,
        1,
        1,
        1,
        null,
        null,
        1,
        2,
        null,
        null,
        1,
        1,
        2,
        null,
        null,
        null
      ],
      "/Users/AW/Desktop/bank-tech-test/lib/account.rb": [
        null,
        null,
        1,
        1,
        1,
        1,
        null,
        1,
        1,
        null,
        1,
        12,
        12,
        null,
        null,
        1,
        6,
        6,
        null,
        null,
        1,
        4,
        null,
        2,
        2,
        null,
        null
      ],
      "/Users/AW/Desktop/bank-tech-test/lib/deposit.rb": [
        null,
        null,
        1,
        1,
        null,
        1,
        6,
        6,
        6,
        6,
        null,
        null
      ],
      "/Users/AW/Desktop/bank-tech-test/lib/withdrawal.rb": [
        null,
        null,
        1,
        1,
        null,
        1,
        3,
        3,
        3,
        3,
        null,
        null
      ],
      "/Users/AW/Desktop/bank-tech-test/lib/history.rb": [
        null,
        null,
        1,
        1,
        null,
        1,
        10,
        null,
        null,
        1,
        11,
        null,
        null,
        1,
        4,
        4,
        10,
        null,
        null,
        null
      ],
      "/Users/AW/Desktop/bank-tech-test/spec/deposit_spec.rb": [
        null,
        null,
        1,
        2,
        null,
        1,
        1,
        1,
        null,
        null,
        1,
        1,
        null,
        null,
        null
      ],
      "/Users/AW/Desktop/bank-tech-test/spec/features/account_setup_spec.rb": [
        null,
        null,
        1,
        3,
        null,
        1,
        1,
        null,
        null,
        1,
        1,
        null,
        null,
        1,
        1,
        1,
        null,
        null
      ],
      "/Users/AW/Desktop/bank-tech-test/spec/features/user_can_view_statement_spec.rb": [
        null,
        null,
        1,
        1,
        1,
        1,
        1,
        1,
        2,
        null,
        null,
        null,
        null,
        null,
        null,
        null
      ],
      "/Users/AW/Desktop/bank-tech-test/spec/features/user_deposits_spec.rb": [
        null,
        null,
        1,
        1,
        1,
        1,
        1,
        null,
        null
      ],
      "/Users/AW/Desktop/bank-tech-test/spec/features/user_withdrawal_spec.rb": [
        null,
        null,
        1,
        1,
        1,
        1,
        1,
        1,
        null,
        null
      ],
      "/Users/AW/Desktop/bank-tech-test/spec/history_spec.rb": [
        null,
        null,
        1,
        null,
        1,
        5,
        null,
        1,
        1,
        1,
        null,
        null,
        null,
        1,
        1,
        1,
        1,
        null,
        null,
        null,
        1,
        1,
        1,
        1,
        2,
        null,
        null,
        null,
        null,
        1,
        1,
        null,
        null,
        null,
        null,
        1,
        null,
        null,
        null,
        null,
        1,
        null,
        null,
        null,
        null,
        1,
        1,
        1,
        1,
        2,
        null,
        null,
        null,
        null,
        null,
        null,
        null
      ],
      "/Users/AW/Desktop/bank-tech-test/spec/statement_spec.rb": [
        null,
        null,
        null,
        null,
        null,
        null,
        null,
        null,
        null,
        null,
        null,
        null,
        null,
        null,
        null,
        null,
        null,
        null,
        null,
        null,
        null,
        null,
        null
      ],
      "/Users/AW/Desktop/bank-tech-test/spec/withdrawal_spec.rb": [
        null,
        null,
        1,
        2,
        null,
        1,
        1,
        1,
        null,
        null,
        1,
        1,
        null,
        null,
        null
      ]
    },
    "timestamp": 1559663105
  }
}
